<?xml version="1.0" encoding="UTF-8"?>
<!-- Generated by org.testng.reporters.JUnitReportReporter -->
<testsuite hostname="LAPTOP-4LTOMHMT" failures="0" tests="1" name="com.automation.DeleteRecord" time="7.114" errors="0" timestamp="2022-02-01T00:11:38 SAST" skipped="0">
  <testcase classname="com.automation.DeleteRecord" name="delete_record" time="7.114"/>
  <system-out/>
</testsuite> <!-- com.automation.DeleteRecord -->
