<?xml version="1.0" encoding="UTF-8"?>
<!-- Generated by org.testng.reporters.JUnitReportReporter -->
<testsuite hostname="LAPTOP-4LTOMHMT" failures="0" tests="4" name="com.automation.Login" time="8.537" errors="0" timestamp="2022-02-01T00:11:38 SAST" skipped="0">
  <testcase classname="com.automation.Login" name="login" time="8.433"/>
  <system-out/>
  <testcase classname="com.automation.Login" name="Valid_url" time="0.012"/>
  <system-out/>
  <testcase classname="com.automation.Login" name="check_admin" time="0.052"/>
  <system-out/>
  <testcase classname="com.automation.Login" name="check_welcome" time="0.040"/>
  <system-out/>
</testsuite> <!-- com.automation.Login -->
