<?xml version="1.0" encoding="UTF-8"?>
<!-- Generated by org.testng.reporters.JUnitReportReporter -->
<testsuite hostname="LAPTOP-4LTOMHMT" failures="0" tests="3" name="com.automation.ClickAdd" time="4.177" errors="0" timestamp="2022-02-01T00:11:38 SAST" skipped="0">
  <testcase classname="com.automation.ClickAdd" name="clickadd" time="4.130"/>
  <system-out/>
  <testcase classname="com.automation.ClickAdd" name="validate_addbtnUrl" time="0.013"/>
  <system-out/>
  <testcase classname="com.automation.ClickAdd" name="validateAdd" time="0.034"/>
  <system-out/>
</testsuite> <!-- com.automation.ClickAdd -->
