<?xml version="1.0" encoding="UTF-8"?>
<!-- Generated by org.testng.reporters.JUnitReportReporter -->
<testsuite hostname="LAPTOP-4LTOMHMT" failures="0" tests="1" name="com.automation.TestApp" time="4.469" errors="0" timestamp="2022-01-28T00:15:01 SAST" skipped="0">
  <testcase classname="com.automation.TestApp" name="test_case_one" time="4.469"/>
  <system-out/>
</testsuite> <!-- com.automation.TestApp -->
