<?xml version="1.0" encoding="UTF-8"?>
<!-- Generated by org.testng.reporters.JUnitReportReporter -->
<testsuite hostname="LAPTOP-4LTOMHMT" failures="0" tests="2" name="com.automation.EnterInfo" time="2.859" errors="0" timestamp="2022-02-01T00:11:38 SAST" skipped="0">
  <testcase classname="com.automation.EnterInfo" name="enter_info" time="2.801"/>
  <system-out/>
  <testcase classname="com.automation.EnterInfo" name="validate_status" time="0.058"/>
  <system-out/>
</testsuite> <!-- com.automation.EnterInfo -->
