<?xml version="1.0" encoding="UTF-8"?>
<!-- Generated by org.testng.reporters.JUnitReportReporter -->
<testsuite hostname="LAPTOP-4LTOMHMT" failures="0" tests="6" name="com.automation.AdminTap" time="4.325" errors="0" timestamp="2022-02-01T00:11:38 SAST" skipped="0">
  <testcase classname="com.automation.AdminTap" name="admintap" time="4.170"/>
  <system-out/>
  <testcase classname="com.automation.AdminTap" name="Validate_adminUrl" time="0.009"/>
  <system-out/>
  <testcase classname="com.automation.AdminTap" name="validateAdd" time="0.040"/>
  <system-out/>
  <testcase classname="com.automation.AdminTap" name="validateDelete" time="0.045"/>
  <system-out/>
  <testcase classname="com.automation.AdminTap" name="validateSearch" time="0.030"/>
  <system-out/>
  <testcase classname="com.automation.AdminTap" name="validateReset" time="0.031"/>
  <system-out/>
</testsuite> <!-- com.automation.AdminTap -->
